<?xml version="1.0" encoding="UTF-8"?>
<!-- Generated by org.testng.reporters.JUnitReportReporter -->
<testsuite hostname="DESKTOP-B023V6C" failures="0" tests="1" name="selenium_features.Runner_Testng" time="0.124" errors="0" timestamp="2024-09-20T10:02:37 IST" skipped="0">
  <testcase classname="selenium_features.Runner_Testng" name="runScenario" time="0.124"/>
</testsuite> <!-- selenium_features.Runner_Testng -->
