<?xml version="1.0" encoding="UTF-8"?>
<!-- Generated by org.testng.reporters.JUnitReportReporter -->
<testsuite hostname="DESKTOP-B023V6C" failures="0" tests="1" name="com.icolor.testbase.RegistrationTestPage" time="2.123" errors="0" timestamp="2024-09-22T00:21:28 IST" skipped="0">
  <testcase classname="com.icolor.testbase.RegistrationTestPage" name="verify_account_registration" time="2.123"/>
</testsuite> <!-- com.icolor.testbase.RegistrationTestPage -->
