<?xml version="1.0" encoding="UTF-8"?>
<!-- Generated by org.testng.reporters.JUnitReportReporter -->
<testsuite hostname="DESKTOP-B023V6C" failures="0" tests="1" name="com.icolor.testbase.RegistrationTestPage" time="1.890" errors="0" timestamp="2024-09-22T01:44:15 IST" skipped="0">
  <testcase classname="com.icolor.testbase.RegistrationTestPage" name="verify_account_registration" time="1.890"/>
</testsuite> <!-- com.icolor.testbase.RegistrationTestPage -->
