<?xml version="1.0" encoding="UTF-8"?>
<!-- Generated by org.testng.reporters.JUnitReportReporter -->
<testsuite hostname="DESKTOP-S6HQTR5" failures="0" tests="1" name="com.icolor.test.pages.LoginPageTest" time="1.854" errors="0" timestamp="2024-09-04T04:40:20 IST" skipped="0">
  <testcase classname="com.icolor.test.pages.LoginPageTest" name="loginTest" time="1.854"/>
</testsuite> <!-- com.icolor.test.pages.LoginPageTest -->
