<?xml version="1.0" encoding="UTF-8"?>
<!-- Generated by org.testng.reporters.JUnitReportReporter -->
<testsuite hostname="DESKTOP-S6HQTR5" failures="0" tests="1" name="com.icolor.test.pages.LoginPageTest" time="2.623" errors="0" timestamp="2024-09-04T05:32:49 IST" skipped="0">
  <testcase classname="com.icolor.test.pages.LoginPageTest" name="loginTest" time="2.623"/>
</testsuite> <!-- com.icolor.test.pages.LoginPageTest -->
